Build started 23/06/2015 13:03:59.
     1>Project "D:\Licenta\Final\ProjectImgProcOA\ProjectImgProc\ProjectImgProc.vcxproj" on node 2 (Build target(s)).
     1>ClCompile:
         D:\Programe\Microsoft Visual Studio 13.0\VC\bin\CL.exe /c /ID:\Programe\opencv210\opencv\build\x86\vc12\..\..\include /AI"C:\Program Files (x86)\Reference Assemblies\Microsoft\Framework\.NETFramework\v4.5\\" /AI"C:\Program Files (x86)\Windows Kits\8.1\References\CommonConfiguration\Neutral" /AI"C:\Program Files (x86)\Reference Assemblies\Microsoft\Framework\.NETFramework\v4.5\Facades\\" /Zi /clr /nologo /W3 /WX- /O2 /Oy- /D WIN32 /D NDEBUG /D _UNICODE /D UNICODE /EHa /MD /GS /fp:precise /Zc:wchar_t /Zc:forScope /Fo"Release\\" /Fd"Release\vc120.pdb" /TP /FU"C:\Program Files (x86)\Reference Assemblies\Microsoft\Framework\.NETFramework\v4.5\mscorlib.dll" /FU"C:\Program Files (x86)\Reference Assemblies\Microsoft\Framework\.NETFramework\v4.5\System.Data.dll" /FU"C:\Program Files (x86)\Reference Assemblies\Microsoft\Framework\.NETFramework\v4.5\System.dll" /FU"C:\Program Files (x86)\Reference Assemblies\Microsoft\Framework\.NETFramework\v4.5\System.Drawing.dll" /FU"C:\Program Files (x86)\Reference Assemblies\Microsoft\Framework\.NETFramework\v4.5\System.Windows.Forms.DataVisualization.dll" /FU"C:\Program Files (x86)\Reference Assemblies\Microsoft\Framework\.NETFramework\v4.5\System.Windows.Forms.dll" /FU"C:\Program Files (x86)\Reference Assemblies\Microsoft\Framework\.NETFramework\v4.5\System.Xml.dll" /analyze- /errorReport:prompt /clr:nostdlib MyForm.cpp
         MyForm.cpp
     1>d:\programe\opencv210\opencv\build\include\opencv2\flann\logger.h(66): warning C4996: 'fopen': This function or variable may be unsafe. Consider using fopen_s instead. To disable deprecation, use _CRT_SECURE_NO_WARNINGS. See online help for details.
                 D:\Programe\Microsoft Visual Studio 13.0\VC\include\stdio.h(211) : see declaration of 'fopen'
     1>d:\licenta\final\projectimgprocoa\projectimgproc\MyForm.h(411): warning C4244: 'argument' : conversion from 'int' to 'float', possible loss of data
     1>d:\licenta\final\projectimgprocoa\projectimgproc\MyForm.h(717): warning C4244: '=' : conversion from 'double' to 'int', possible loss of data
     1>MyForm.cpp(8): warning C4829: Possibly incorrect parameters to function main. Consider 'int main(Platform::Array<Platform::String^>^ argv)'
         D:\Programe\Microsoft Visual Studio 13.0\VC\bin\CL.exe /c /ID:\Programe\opencv210\opencv\build\x86\vc12\..\..\include /Zi /clr /nologo /W3 /WX- /O2 /Oy- /D WIN32 /D NDEBUG /D _UNICODE /D UNICODE /EHa /MD /GS /fp:precise /Zc:wchar_t /Zc:forScope /Fo"Release\\" /Fd"Release\vc120.pdb" /TP /analyze- /errorReport:prompt "C:\Users\Andrei\AppData\Local\Temp\.NETFramework,Version=v4.5.AssemblyAttributes.cpp"
         .NETFramework,Version=v4.5.AssemblyAttributes.cpp
       Link:
         D:\Programe\Microsoft Visual Studio 13.0\VC\bin\link.exe /ERRORREPORT:PROMPT /OUT:"D:\Licenta\Final\ProjectImgProcOA\Release\ProjectImgProc.exe" /INCREMENTAL:NO /NOLOGO /LIBPATH:D:\Programe\opencv210\opencv\build\x86\vc12\lib opencv_calib3d2410.lib opencv_contrib2410.lib opencv_core2410.lib opencv_features2d2410.lib opencv_flann2410.lib opencv_gpu2410.lib opencv_highgui2410.lib opencv_imgproc2410.lib opencv_legacy2410.lib opencv_ml2410.lib opencv_nonfree2410.lib opencv_objdetect2410.lib opencv_ocl2410.lib opencv_photo2410.lib opencv_stitching2410.lib opencv_superres2410.lib opencv_ts2410.lib opencv_video2410.lib opencv_videostab2410.lib kernel32.lib user32.lib gdi32.lib winspool.lib comdlg32.lib advapi32.lib shell32.lib ole32.lib oleaut32.lib uuid.lib odbc32.lib odbccp32.lib /ASSEMBLYRESOURCE:Release\ProjectImgProc.MyForm.resources /MANIFEST /MANIFESTUAC:"level='asInvoker' uiAccess='false'" /manifest:embed /DEBUG /PDB:"D:\Licenta\Final\ProjectImgProcOA\Release\ProjectImgProc.pdb" /TLBID:1 /DYNAMICBASE /FIXED:NO /NXCOMPAT /MACHINE:X86 /SAFESEH Release\MyForm.obj
         "Release\.NETFramework,Version=v4.5.AssemblyAttributes.obj"
     1>LINK : fatal error LNK1561: entry point must be defined
     1>C:\Program Files (x86)\MSBuild\Microsoft.Cpp\v4.0\V120\Microsoft.CppCommon.targets(607,5): error MSB6006: "link.exe" exited with code 1561.
     1>Done Building Project "D:\Licenta\Final\ProjectImgProcOA\ProjectImgProc\ProjectImgProc.vcxproj" (Build target(s)) -- FAILED.

Build FAILED.

Time Elapsed 00:00:15.02
