Build started 14/09/2016 20:00:31.
     1>Project "D:\Licenta\Final\verificare\ProjectImgProcOA\ProjectImgProc\ProjectImgProc.vcxproj" on node 2 (Rebuild target(s)).
     1>ClCompile:
         D:\Programe\Microsoft Visual Studio 13.0\VC\bin\CL.exe /c /ID:\Programe\opencv210\opencv\build\x86\vc12\..\..\include /AI"C:\Program Files (x86)\Reference Assemblies\Microsoft\Framework\.NETFramework\v4.5\\" /AI"C:\Program Files (x86)\Windows Kits\8.1\References\CommonConfiguration\Neutral" /AI"C:\Program Files (x86)\Reference Assemblies\Microsoft\Framework\.NETFramework\v4.5\Facades\\" /Zi /clr /nologo /W3 /WX- /Od /Oy- /D WIN32 /D _DEBUG /D _UNICODE /D UNICODE /EHa /MDd /GS /fp:precise /Zc:wchar_t /Zc:forScope /Fo"Debug\\" /Fd"Debug\vc120.pdb" /TP /FU"C:\Program Files (x86)\Reference Assemblies\Microsoft\Framework\.NETFramework\v4.5\mscorlib.dll" /FU"C:\Program Files (x86)\Reference Assemblies\Microsoft\Framework\.NETFramework\v4.5\System.Data.dll" /FU"C:\Program Files (x86)\Reference Assemblies\Microsoft\Framework\.NETFramework\v4.5\System.dll" /FU"C:\Program Files (x86)\Reference Assemblies\Microsoft\Framework\.NETFramework\v4.5\System.Drawing.dll" /FU"C:\Program Files (x86)\Reference Assemblies\Microsoft\Framework\.NETFramework\v4.5\System.Windows.Forms.DataVisualization.dll" /FU"C:\Program Files (x86)\Reference Assemblies\Microsoft\Framework\.NETFramework\v4.5\System.Windows.Forms.dll" /FU"C:\Program Files (x86)\Reference Assemblies\Microsoft\Framework\.NETFramework\v4.5\System.Xml.dll" /analyze- /errorReport:prompt /clr:nostdlib MyForm.cpp
         MyForm.cpp
     1>d:\programe\opencv210\opencv\build\include\opencv2\flann\logger.h(66): warning C4996: 'fopen': This function or variable may be unsafe. Consider using fopen_s instead. To disable deprecation, use _CRT_SECURE_NO_WARNINGS. See online help for details.
                 D:\Programe\Microsoft Visual Studio 13.0\VC\include\stdio.h(211) : see declaration of 'fopen'
     1>d:\licenta\final\verificare\projectimgprocoa\projectimgproc\MyForm.h(2420): warning C4244: '=' : conversion from 'double' to 'int', possible loss of data
     1>d:\licenta\final\verificare\projectimgprocoa\projectimgproc\MyForm.h(2701): warning C4244: '=' : conversion from 'double' to 'float', possible loss of data
     1>d:\licenta\final\verificare\projectimgprocoa\projectimgproc\MyForm.h(2795): warning C4244: '=' : conversion from 'double' to 'float', possible loss of data
     1>d:\licenta\final\verificare\projectimgprocoa\projectimgproc\MyForm.h(2812): warning C4244: '=' : conversion from 'double' to 'float', possible loss of data
     1>d:\licenta\final\verificare\projectimgprocoa\projectimgproc\MyForm.h(2949): warning C4244: '=' : conversion from 'double' to 'float', possible loss of data
     1>d:\licenta\final\verificare\projectimgprocoa\projectimgproc\MyForm.h(2955): warning C4244: '=' : conversion from 'int' to 'float', possible loss of data
     1>MyForm.cpp(8): warning C4829: Possibly incorrect parameters to function main. Consider 'int main(Platform::Array<Platform::String^>^ argv)'
         D:\Programe\Microsoft Visual Studio 13.0\VC\bin\CL.exe /c /ID:\Programe\opencv210\opencv\build\x86\vc12\..\..\include /Zi /clr /nologo /W3 /WX- /Od /Oy- /D WIN32 /D _DEBUG /D _UNICODE /D UNICODE /EHa /MDd /GS /fp:precise /Zc:wchar_t /Zc:forScope /Fo"Debug\\" /Fd"Debug\vc120.pdb" /TP /analyze- /errorReport:prompt "C:\Users\Andrei\AppData\Local\Temp\.NETFramework,Version=v4.5.AssemblyAttributes.cpp"
         .NETFramework,Version=v4.5.AssemblyAttributes.cpp
       ResourceCompile:
         C:\Program Files (x86)\Windows Kits\8.1\bin\x86\rc.exe /D _UNICODE /D UNICODE /l"0x0409" /nologo /fo"Debug\ProjectImgProc1.res" ProjectImgProc1.rc 
       Link:
         D:\Programe\Microsoft Visual Studio 13.0\VC\bin\link.exe /ERRORREPORT:PROMPT /OUT:"D:\Licenta\Final\verificare\ProjectImgProcOA\Debug\ProjectImgProc.exe" /INCREMENTAL /NOLOGO /LIBPATH:D:\Programe\opencv210\opencv\build\x86\vc12\lib opencv_calib3d2410d.lib opencv_contrib2410d.lib opencv_core2410d.lib opencv_features2d2410d.lib opencv_flann2410d.lib opencv_gpu2410d.lib opencv_highgui2410d.lib opencv_imgproc2410d.lib opencv_legacy2410d.lib opencv_ml2410d.lib opencv_nonfree2410d.lib opencv_objdetect2410d.lib opencv_ocl2410d.lib opencv_photo2410d.lib opencv_stitching2410d.lib opencv_superres2410d.lib opencv_ts2410d.lib opencv_video2410d.lib opencv_videostab2410d.lib kernel32.lib user32.lib gdi32.lib winspool.lib comdlg32.lib advapi32.lib shell32.lib ole32.lib oleaut32.lib uuid.lib odbc32.lib odbccp32.lib /ASSEMBLYRESOURCE:Debug\ProjectImgProc.MyForm.resources /MANIFEST /MANIFESTUAC:"level='asInvoker' uiAccess='false'" /manifest:embed /DEBUG /PDB:"D:\Licenta\Final\verificare\ProjectImgProcOA\Debug\ProjectImgProc.pdb" /ASSEMBLYDEBUG /SUBSYSTEM:WINDOWS /TLBID:1 /ENTRY:"main" /DYNAMICBASE /FIXED:NO /NXCOMPAT /MACHINE:X86 Debug\ProjectImgProc1.res
         Debug\MyForm.obj
         "Debug\.NETFramework,Version=v4.5.AssemblyAttributes.obj"
     1>opencv_ts2410d.lib(opencv_ts_pch.obj) : warning LNK4099: PDB 'opencv_ts2410d.pdb' was not found with 'opencv_ts2410d.lib(opencv_ts_pch.obj)' or at 'D:\Licenta\Final\verificare\ProjectImgProcOA\Debug\opencv_ts2410d.pdb'; linking object as if no debug info
         ProjectImgProc.vcxproj -> D:\Licenta\Final\verificare\ProjectImgProcOA\Debug\ProjectImgProc.exe
     1>Done Building Project "D:\Licenta\Final\verificare\ProjectImgProcOA\ProjectImgProc\ProjectImgProc.vcxproj" (Rebuild target(s)).

Build succeeded.

Time Elapsed 00:00:05.57
