d:\licenta\final\verificare\projectimgprocoa\projectimgproc\debug\vc120.pdb
d:\licenta\final\verificare\projectimgprocoa\projectimgproc\debug\.netframework,version=v4.5.assemblyattributes.obj
d:\licenta\final\verificare\projectimgprocoa\projectimgproc\debug\myform.obj
d:\licenta\final\verificare\projectimgprocoa\debug\projectimgproc.exe
d:\licenta\final\verificare\projectimgprocoa\debug\projectimgproc.pdb
d:\licenta\final\verificare\projectimgprocoa\projectimgproc\debug\projectimgproc.myform.resources
d:\licenta\final\verificare\projectimgprocoa\projectimgproc\debug\projectimgproc1.res
d:\licenta\final\verificare\projectimgprocoa\projectimgproc\debug\projectimgproc.vcxproj.generateresource.cache
d:\licenta\final\verificare\projectimgprocoa\projectimgproc\debug\projectimgproc.vcxprojresolveassemblyreference.cache
d:\licenta\final\verificare\projectimgprocoa\projectimgproc\debug\projectimgproc.tlog\cl.command.1.tlog
d:\licenta\final\verificare\projectimgprocoa\projectimgproc\debug\projectimgproc.tlog\cl.read.1.tlog
d:\licenta\final\verificare\projectimgprocoa\projectimgproc\debug\projectimgproc.tlog\cl.write.1.tlog
d:\licenta\final\verificare\projectimgprocoa\projectimgproc\debug\projectimgproc.tlog\link.command.1.tlog
d:\licenta\final\verificare\projectimgprocoa\projectimgproc\debug\projectimgproc.tlog\link.read.1.tlog
d:\licenta\final\verificare\projectimgprocoa\projectimgproc\debug\projectimgproc.tlog\link.write.1.tlog
d:\licenta\final\verificare\projectimgprocoa\projectimgproc\debug\projectimgproc.tlog\metagen.read.1.tlog
d:\licenta\final\verificare\projectimgprocoa\projectimgproc\debug\projectimgproc.tlog\metagen.write.1.tlog
d:\licenta\final\verificare\projectimgprocoa\projectimgproc\debug\projectimgproc.tlog\projectimgproc.write.1u.tlog
d:\licenta\final\verificare\projectimgprocoa\projectimgproc\debug\projectimgproc.tlog\rc.command.1.tlog
d:\licenta\final\verificare\projectimgprocoa\projectimgproc\debug\projectimgproc.tlog\rc.read.1.tlog
d:\licenta\final\verificare\projectimgprocoa\projectimgproc\debug\projectimgproc.tlog\rc.write.1.tlog
d:\licenta\final\verificare\projectimgprocoa\projectimgproc\debug\projectimgproc.tlog\rsaenh.dll.bi
d:\licenta\final\verificare\projectimgprocoa\projectimgproc\debug\projectimgproc.tlog\tzres.dll.bi
